<?xml version="1.0" encoding="UTF-8"?>
<!-- Generated by org.testng.reporters.JUnitReportReporter -->
<testsuite hostname="DAYA" failures="0" tests="1" name="SelPractice.FBLogin" time="23.089" errors="0" timestamp="2023-12-29T12:20:35 IST" skipped="0">
  <testcase classname="SelPractice.FBLogin" name="fblogin" time="23.089"/>
  <system-out/>
</testsuite> <!-- SelPractice.FBLogin -->
