<?xml version="1.0" encoding="UTF-8"?>
<!-- Generated by org.testng.reporters.JUnitReportReporter -->
<testsuite hostname="DAYA" failures="0" tests="1" name="reportingtool.Extent1" time="0.541" errors="0" timestamp="2024-03-01T10:55:19 IST" skipped="0">
  <testcase classname="reportingtool.Extent1" name="reports1" time="0.541"/>
  <system-out/>
</testsuite> <!-- reportingtool.Extent1 -->
