<?xml version="1.0" encoding="UTF-8"?>
<!-- Generated by org.testng.reporters.JUnitReportReporter -->
<testsuite hostname="DAYA" failures="0" tests="5" name="Testng_practice.Sample" time="0.018" errors="0" timestamp="2024-02-23T10:20:24 IST" skipped="1">
  <testcase classname="Testng_practice.Sample" name="test3" time="0.011"/>
  <system-out>
    <![CDATA[India]]>
  </system-out>
  <testcase classname="Testng_practice.Sample" name="test3" time="0.002"/>
  <system-out>
    <![CDATA[India]]>
  </system-out>
  <testcase classname="Testng_practice.Sample" name="test3" time="0.002"/>
  <system-out>
    <![CDATA[India]]>
  </system-out>
  <testcase classname="Testng_practice.Sample" name="test1" time="0.003"/>
  <system-out>
    <![CDATA[Asia]]>
  </system-out>
  <testcase classname="Testng_practice.Sample" name="test2">
    <skipped/>
  </testcase> <!-- test2 -->
  <system-out/>
</testsuite> <!-- Testng_practice.Sample -->
