<?xml version="1.0" encoding="UTF-8"?>
<!-- Generated by org.testng.reporters.JUnitReportReporter -->
<testsuite hostname="DAYA" failures="0" tests="2" name="group1.Group_Ex" time="0.012" errors="0" timestamp="2024-03-05T10:12:41 IST" skipped="0">
  <testcase classname="group1.Group_Ex" name="test2" time="0.002"/>
  <system-out/>
  <testcase classname="group1.Group_Ex" name="test1" time="0.010"/>
  <system-out/>
</testsuite> <!-- group1.Group_Ex -->
