<?xml version="1.0" encoding="UTF-8"?>
<!-- Generated by org.testng.reporters.JUnitReportReporter -->
<testsuite hostname="DAYA" failures="0" tests="1" name="reportingtool.Sample1" time="0.010" errors="0" timestamp="2024-03-01T10:49:41 IST" skipped="0">
  <testcase classname="reportingtool.Sample1" name="hi" time="0.010"/>
  <system-out>
    <![CDATA[hi]]>
  </system-out>
</testsuite> <!-- reportingtool.Sample1 -->
