<?xml version="1.0" encoding="UTF-8"?>
<!-- Generated by org.testng.reporters.JUnitReportReporter -->
<testsuite hostname="DAYA" failures="0" tests="1" name="Demo2.Sample3" time="0.003" errors="0" timestamp="2024-02-23T10:34:09 IST" skipped="0">
  <testcase classname="Demo2.Sample3" name="tata" time="0.003"/>
  <system-out>
    <![CDATA[tata]]>
  </system-out>
</testsuite> <!-- Demo2.Sample3 -->
