<?xml version="1.0" encoding="UTF-8"?>
<!-- Generated by org.testng.reporters.JUnitReportReporter -->
<testsuite hostname="DAYA" failures="0" tests="3" name="DataProv.DP_Runner" time="0.019" errors="0" timestamp="2024-03-05T10:21:44 IST" skipped="0">
  <testcase classname="DataProv.DP_Runner" name="loginTest" time="0.015"/>
  <system-out/>
  <testcase classname="DataProv.DP_Runner" name="loginTest" time="0.003"/>
  <system-out/>
  <testcase classname="DataProv.DP_Runner" name="loginTest" time="0.001"/>
  <system-out/>
</testsuite> <!-- DataProv.DP_Runner -->
