<?xml version="1.0" encoding="UTF-8"?>
<!-- Generated by org.testng.reporters.JUnitReportReporter -->
<testsuite hostname="DAYA" failures="0" tests="1" name="Demo1.Sample1" time="0.011" errors="0" timestamp="2024-02-23T10:34:09 IST" skipped="0">
  <testcase classname="Demo1.Sample1" name="hi" time="0.011"/>
  <system-out>
    <![CDATA[hi]]>
  </system-out>
</testsuite> <!-- Demo1.Sample1 -->
