<?xml version="1.0" encoding="UTF-8"?>
<!-- Generated by org.testng.reporters.JUnitReportReporter -->
<testsuite hostname="DAYA" failures="0" tests="1" name="Pomscript.Runner1" time="9.266" errors="0" timestamp="2024-02-27T11:00:43 IST" skipped="0">
  <testcase classname="Pomscript.Runner1" name="login" time="9.266"/>
  <system-out/>
</testsuite> <!-- Pomscript.Runner1 -->
