<?xml version="1.0" encoding="UTF-8"?>
<!-- Generated by org.testng.reporters.JUnitReportReporter -->
<testsuite hostname="DAYA" failures="0" tests="1" name="Demo1.Sample2" time="0.004" errors="0" timestamp="2024-02-23T10:34:09 IST" skipped="0">
  <testcase classname="Demo1.Sample2" name="hello" time="0.004"/>
  <system-out>
    <![CDATA[hello]]>
  </system-out>
</testsuite> <!-- Demo1.Sample2 -->
