<?xml version="1.0" encoding="UTF-8"?>
<!-- Generated by org.testng.reporters.JUnitReportReporter -->
<testsuite hostname="DAYA" failures="0" tests="1" name="reportingtool.Log_console" time="0.097" errors="0" timestamp="2024-03-01T10:35:53 IST" skipped="0">
  <testcase classname="reportingtool.Log_console" name="report" time="0.097"/>
  <system-out/>
</testsuite> <!-- reportingtool.Log_console -->
