<?xml version="1.0" encoding="UTF-8"?>
<!-- Generated by org.testng.reporters.JUnitReportReporter -->
<testsuite hostname="DAYA" failures="0" tests="2" name="Testng_practice.Runner1" time="8.108" errors="0" timestamp="2024-02-26T09:49:13 IST" skipped="0">
  <testcase classname="Testng_practice.Runner1" name="login1" time="2.416"/>
  <system-out/>
  <testcase classname="Testng_practice.Runner1" name="login" time="5.692"/>
  <system-out/>
</testsuite> <!-- Testng_practice.Runner1 -->
