<?xml version="1.0" encoding="UTF-8"?>
<!-- Generated by org.testng.reporters.JUnitReportReporter -->
<testsuite hostname="DAYA" failures="0" tests="1" name="Task.Sort_ddopt" time="3.443" errors="0" timestamp="2024-02-24T11:53:12 IST" skipped="0">
  <testcase classname="Task.Sort_ddopt" name="sort_dd" time="3.443"/>
  <system-out>
    <![CDATA[Jan
Feb
Mar
Apr
May
Jun
Jul
Aug
Sep
Oct
Nov
Dec]]>
  </system-out>
</testsuite> <!-- Task.Sort_ddopt -->
