<?xml version="1.0" encoding="UTF-8"?>
<!-- Generated by org.testng.reporters.JUnitReportReporter -->
<testsuite hostname="DAYA" failures="0" tests="1" name="gen_pack.Gen1" time="7.160" errors="0" timestamp="2024-03-06T09:38:52 IST" skipped="0">
  <testcase classname="gen_pack.Gen1" name="test" time="7.160"/>
  <system-out/>
</testsuite> <!-- gen_pack.Gen1 -->
