<?xml version="1.0" encoding="UTF-8"?>
<!-- Generated by org.testng.reporters.JUnitReportReporter -->
<testsuite hostname="DAYA" failures="0" tests="1" name="Pomscript.FB_login" time="14.873" errors="0" timestamp="2024-02-28T09:38:25 IST" skipped="0">
  <testcase classname="Pomscript.FB_login" name="login_fb" time="14.873"/>
  <system-out/>
</testsuite> <!-- Pomscript.FB_login -->
