<?xml version="1.0" encoding="UTF-8"?>
<!-- Generated by org.testng.reporters.JUnitReportReporter -->
<testsuite hostname="DAYA" failures="0" tests="4" name="SelPractice.TngDemo1" time="0.018" errors="0" timestamp="2024-01-07T11:39:39 IST" skipped="0">
  <testcase classname="SelPractice.TngDemo1" name="test2" time="0.002"/>
  <system-out>
    <![CDATA[hello]]>
  </system-out>
  <testcase classname="SelPractice.TngDemo1" name="test2" time="0.001"/>
  <system-out>
    <![CDATA[hello]]>
  </system-out>
  <testcase classname="SelPractice.TngDemo1" name="test2" time="0.002"/>
  <system-out>
    <![CDATA[hello]]>
  </system-out>
  <testcase classname="SelPractice.TngDemo1" name="test1" time="0.013"/>
  <system-out>
    <![CDATA[hii]]>
  </system-out>
</testsuite> <!-- SelPractice.TngDemo1 -->
