<?xml version="1.0" encoding="UTF-8"?>
<!-- Generated by org.testng.reporters.JUnitReportReporter -->
<testsuite hostname="DAYA" failures="0" tests="2" name="Paral.Parallel" time="20.983" errors="0" timestamp="2024-03-10T14:22:35 IST" skipped="0">
  <testcase classname="Paral.Parallel" name="exec" time="7.521"/>
  <system-out/>
  <testcase classname="Paral.Parallel" name="exec" time="13.462"/>
  <system-out/>
</testsuite> <!-- Paral.Parallel -->
