<?xml version="1.0" encoding="UTF-8"?>
<!-- Generated by org.testng.reporters.JUnitReportReporter -->
<testsuite hostname="DAYA" failures="0" tests="1" name="Runner.Runner_Insta" time="79.437" errors="0" timestamp="2024-03-04T11:43:10 IST" skipped="0">
  <testcase classname="Runner.Runner_Insta" name="insta_login" time="79.437"/>
  <system-out/>
</testsuite> <!-- Runner.Runner_Insta -->
