<?xml version="1.0" encoding="UTF-8"?>
<!-- Generated by org.testng.reporters.JUnitReportReporter -->
<testsuite hostname="DAYA" failures="0" tests="1" name="reportingtool.Log4" time="0.093" errors="0" timestamp="2024-03-01T10:34:27 IST" skipped="0">
  <testcase classname="reportingtool.Log4" name="report" time="0.093"/>
  <system-out/>
</testsuite> <!-- reportingtool.Log4 -->
