<?xml version="1.0" encoding="UTF-8"?>
<!-- Generated by org.testng.reporters.JUnitReportReporter -->
<testsuite hostname="DAYA" failures="0" tests="1" name="group1.Demo2" time="0.010" errors="0" timestamp="2024-03-05T10:27:54 IST" skipped="0">
  <testcase classname="group1.Demo2" name="test1" time="0.010"/>
  <system-out/>
</testsuite> <!-- group1.Demo2 -->
