<?xml version="1.0" encoding="UTF-8"?>
<!-- Generated by org.testng.reporters.JUnitReportReporter -->
<testsuite hostname="DAYA" failures="0" tests="1" name="Task.FB_dd" time="6.762" errors="0" timestamp="2024-03-11T08:19:42 IST" skipped="0">
  <testcase classname="Task.FB_dd" name="dd_sort" time="6.762"/>
  <system-out>
    <![CDATA[[Apr, Aug, Dec, Feb, Jan, Jul, Jun, Mar, May, Nov, Oct, Sep]
Apr
Aug
Dec
Feb
Jan
Jul
Jun
Mar
May
Nov
Oct
Sep
[Apr, Aug, Dec, Feb, Jan, Jul, Jun, Mar, May, Nov, Oct, Sep]
Sep
Oct
Nov
May
Mar
Jun
Jul
Jan
Feb
Dec
Aug
Apr
[Sep, Oct, Nov, May, Mar, Jun, Jul, Jan, Feb, Dec, Aug, Apr]]]>
  </system-out>
</testsuite> <!-- Task.FB_dd -->
