<?xml version="1.0" encoding="UTF-8"?>
<!-- Generated by org.testng.reporters.JUnitReportReporter -->
<testsuite hostname="DAYA" failures="0" tests="1" name="Testng_practice.Insta_Login" time="8.366" errors="0" timestamp="2024-02-20T11:21:35 IST" skipped="0">
  <testcase classname="Testng_practice.Insta_Login" name="login" time="8.366"/>
  <system-out>
    <![CDATA[Browser launched
Browser maximised
Url entered]]>
  </system-out>
</testsuite> <!-- Testng_practice.Insta_Login -->
