<?xml version="1.0" encoding="UTF-8"?>
<!-- Generated by org.testng.reporters.JUnitXMLReporter -->
<testsuite ignored="0" hostname="DAYA" failures="0" tests="1" name="Test-firefox" time="13.495" errors="0" timestamp="2024-03-10T14:22:35 IST">
  <testcase classname="Paral.Parallel" name="exec" time="13.462"/>
</testsuite> <!-- Test-firefox -->
