<?xml version="1.0" encoding="UTF-8"?>
<!-- Generated by org.testng.reporters.JUnitXMLReporter -->
<testsuite ignored="0" hostname="DAYA" failures="0" tests="1" name="Test-chrome" time="7.558" errors="0" timestamp="2024-03-10T14:22:29 IST">
  <testcase classname="Paral.Parallel" name="exec" time="7.521"/>
</testsuite> <!-- Test-chrome -->
